<?xml version='1.0' encoding='UTF-8'?>
<testsuite hostname="donkey" name="systems.adaptix.bling.tags.TagDagSpecification" tests="27" errors="0" failures="0" time="1.299">
                     <properties>
[...]
</properties>
                     <testcase classname="systems.adaptix.bling.tags.TagDagSpecification" name=" This means that every data point is, if not explicitly then implicitly tagged with it" time="0.047">
                                                 
                                               </testcase><testcase classname="systems.adaptix.bling.tags.TagDagSpecification" name=" The universalTag of the TagDag is the label of this root vertex" time="0.044">
                                                 
                                               </testcase><testcase classname="systems.adaptix.bling.tags.TagDagSpecification" name=" The value matching each of these tags is the DagVertex in the TagDag which has that tag as its label" time="0.045">
                                                 
                                               </testcase><testcase classname="systems.adaptix.bling.tags.TagDagSpecification" name="::The &quot;hasTag&quot; method is a means of testing whether or not a TagDag already contains a vertex with a given tag" time="0.043">
                                                 
                                               </testcase><testcase classname="systems.adaptix.bling.tags.TagDagSpecification" name="::&quot;assertHasTag&quot; throws an IllegalArgumentException if its argument IS NOT a registered tag" time="0.088">
                                                 
                                               </testcase><testcase classname="systems.adaptix.bling.tags.TagDagSpecification" name="::&quot;assertHasNotTag&quot; throws an IllegalArgumentException if its argument IS a registered tag" time="0.09">
                                                 
                                               </testcase><testcase classname="systems.adaptix.bling.tags.TagDagSpecification" name="::By default, the tag is inserted as a child of the TagDag's root vertex" time="0.105">
                                                 
                                               </testcase><testcase classname="systems.adaptix.bling.tags.TagDagSpecification" name="::The method also allows the insertion of a tag as a child to a specified Set of parents" time="0.15">
                                                 
                                               </testcase><testcase classname="systems.adaptix.bling.tags.TagDagSpecification" name="::The method also allows for specification of a Set of children of the tag to be inserted" time="0.093">
                                                 
                                               </testcase><testcase classname="systems.adaptix.bling.tags.TagDagSpecification" name="::Any insertion which ultimately violates acyclicity will result in an IllegalArgumentException and a reversion of state of the TagDag to before the insertion was attempted" time="0.063">
                                                 
                                               </testcase><testcase classname="systems.adaptix.bling.tags.TagDagSpecification" name="::The attempted insertion of a tag which already exists will cause the method to throw an IllegalArgumentException" time="0.044">
                                                 
                                               </testcase><testcase classname="systems.adaptix.bling.tags.TagDagSpecification" name="::The method also throws an IllegalArgumentException if one of the specified parents or children is not a registered tag" time="0.048">
                                                 
                                               </testcase><testcase classname="systems.adaptix.bling.tags.TagDagSpecification" name="::The tags are returned in a container of type Seq[String]" time="0.093">
                                                 
                                               </testcase><testcase classname="systems.adaptix.bling.tags.TagDagSpecification" name="::The method throws an IllegalArgumentException if the originating tag is not registered in the TagDag" time="0.013">
                                                 
                                               </testcase><testcase classname="systems.adaptix.bling.tags.TagDagSpecification" name="::The &quot;validateUniversality&quot; method checks if every registered tag in a TagDag is reachable from the universalTag" time="0.028">
                                                 
                                               </testcase><testcase classname="systems.adaptix.bling.tags.TagDagSpecification" name="::The argument order determines the direction of the edge" time="0.033">
                                                 
                                               </testcase><testcase classname="systems.adaptix.bling.tags.TagDagSpecification" name="::The method throws an exception if either one of the tags has not been registered in the TagDag" time="0.008">
                                                 
                                               </testcase><testcase classname="systems.adaptix.bling.tags.TagDagSpecification" name="::The method reverts the TagDag to its previous state and throws an IllegalArgumentException if the introduction of the link creates a cycle in the TagDag" time="0.073">
                                                 
                                               </testcase><testcase classname="systems.adaptix.bling.tags.TagDagSpecification" name="::The argument order determines the direction of the edge" time="0.026">
                                                 
                                               </testcase><testcase classname="systems.adaptix.bling.tags.TagDagSpecification" name="::The method throws an IllegalArgumentException if either of its arguments has not been registered in the TagDag" time="0.012">
                                                 
                                               </testcase><testcase classname="systems.adaptix.bling.tags.TagDagSpecification" name="::The method gracefully does nothing if, although both its arguments are registered in the TagDag, there is no edge between them in the specified direction" time="0.012">
                                                 
                                               </testcase><testcase classname="systems.adaptix.bling.tags.TagDagSpecification" name="::The method reverts the TagDag to its previous state and throws an IllegalArgumentException if the specified unlinking causes the child node to become isolated" time="0.012">
                                                 
                                               </testcase><testcase classname="systems.adaptix.bling.tags.TagDagSpecification" name="::The new tag is interjected between the contextual tag and its children" time="0.042">
                                                 
                                               </testcase><testcase classname="systems.adaptix.bling.tags.TagDagSpecification" name="::If the groupTag has already been registered in the TagDag, the method throws an IllegalArgumentException" time="0.006">
                                                 
                                               </testcase><testcase classname="systems.adaptix.bling.tags.TagDagSpecification" name="::If the contextTag or one of the memberTags is NOT a registered tag, or if any of the memberTags is not a child of the contextTag, the method throws an IllegalArgumentException" time="0.042">
                                                 
                                               </testcase><testcase classname="systems.adaptix.bling.tags.TagDagSpecification" name="::The tag to be moved is passed as the first argument, and its new parent is passed as the second argument" time="0.029">
                                                 
                                               </testcase><testcase classname="systems.adaptix.bling.tags.TagDagSpecification" name="::If either argument is not a registered tag, the method throws an IllegalArgumentException" time="0.01">
                                                 
                                               </testcase>
                     <system-out></system-out>
                     <system-err></system-err>
                   </testsuite>