<?xml version='1.0' encoding='UTF-8'?>
<testsuite hostname="donkey" name="systems.adaptix.bling.data.DataHandlerSpecification" tests="6" errors="0" failures="0" time="0.375">
                     <properties>
[...]
</properties>
                     <testcase classname="systems.adaptix.bling.data.DataHandlerSpecification" name="::The dataTemplate and tagsTemplate TableTemplates specifying the schema of the data table and the tags table respectively are passed at instantiation" time="0.003">
                                                 
                                               </testcase><testcase classname="systems.adaptix.bling.data.DataHandlerSpecification" name="::With a fresh database, the DataHandler object's tagIndexers method should be empty" time="0.016">
                                                 
                                               </testcase><testcase classname="systems.adaptix.bling.data.DataHandlerSpecification" name="::The insert method loads data into the specified data table and adds the generated ID for the given data to the relevant tag indexers" time="0.156">
                                                 
                                               </testcase><testcase classname="systems.adaptix.bling.data.DataHandlerSpecification" name="::validateFields is a utility method that can be used to check if a given TaggedData object is appropriate for absorption in terms of the fields that it inserts values into" time="0.002">
                                                 
                                               </testcase><testcase classname="systems.adaptix.bling.data.DataHandlerSpecification" name="::The loadTagIndexers method allows the tagIndexers member variable to be updated to reflect independent updates to the database" time="0.012">
                                                 
                                               </testcase><testcase classname="systems.adaptix.bling.data.DataHandlerSpecification" name="::The select method allows data to be extracted from a given table, which is the data table by default" time="0.186">
                                                 
                                               </testcase>
                     <system-out></system-out>
                     <system-err></system-err>
                   </testsuite>