<?xml version='1.0' encoding='UTF-8'?>
<testsuite hostname="donkey" name="systems.adaptix.bling.tags.graph.RootedDagSpecification" tests="21" errors="0" failures="0" time="0.794">
                     <properties>
[...]
</properties>
                     <testcase classname="systems.adaptix.bling.tags.graph.RootedDagSpecification" name="A RootedDag is instantiated with a DagVertex which is its distinguished root" time="0.069">
                                                 
                                               </testcase><testcase classname="systems.adaptix.bling.tags.graph.RootedDagSpecification" name="::The strongly connected components are represented by the set of their vertices" time="0.104">
                                                 
                                               </testcase><testcase classname="systems.adaptix.bling.tags.graph.RootedDagSpecification" name="::After the method call, each vertex in the RootedDag should have its state refreshed so that its index and lowLink parameters are once again None" time="0.124">
                                                 
                                               </testcase><testcase classname="systems.adaptix.bling.tags.graph.RootedDagSpecification" name=" Two strongly connected components" time="0.058">
                                                 
                                               </testcase><testcase classname="systems.adaptix.bling.tags.graph.RootedDagSpecification" name=" One strongly connected component" time="0.057">
                                                 
                                               </testcase><testcase classname="systems.adaptix.bling.tags.graph.RootedDagSpecification" name=" Five strongly connected components" time="0.062">
                                                 
                                               </testcase><testcase classname="systems.adaptix.bling.tags.graph.RootedDagSpecification" name=" Three strongly connected components" time="0.06">
                                                 
                                               </testcase><testcase classname="systems.adaptix.bling.tags.graph.RootedDagSpecification" name=" Two strongly connected components" time="0.058">
                                                 
                                               </testcase><testcase classname="systems.adaptix.bling.tags.graph.RootedDagSpecification" name=" Three strongly connected components" time="0.016">
                                                 
                                               </testcase><testcase classname="systems.adaptix.bling.tags.graph.RootedDagSpecification" name=" Three strongly connected components" time="0.016">
                                                 
                                               </testcase><testcase classname="systems.adaptix.bling.tags.graph.RootedDagSpecification" name=" Acyclic" time="0.025">
                                                 
                                               </testcase><testcase classname="systems.adaptix.bling.tags.graph.RootedDagSpecification" name=" Acyclic" time="0.016">
                                                 
                                               </testcase><testcase classname="systems.adaptix.bling.tags.graph.RootedDagSpecification" name=" Cyclic" time="0.015">
                                                 
                                               </testcase><testcase classname="systems.adaptix.bling.tags.graph.RootedDagSpecification" name=" Acyclic" time="0.014">
                                                 
                                               </testcase><testcase classname="systems.adaptix.bling.tags.graph.RootedDagSpecification" name=" Cyclic" time="0.015">
                                                 
                                               </testcase><testcase classname="systems.adaptix.bling.tags.graph.RootedDagSpecification" name=" Cyclic" time="0.015">
                                                 
                                               </testcase><testcase classname="systems.adaptix.bling.tags.graph.RootedDagSpecification" name=" Cyclic" time="0.007">
                                                 
                                               </testcase><testcase classname="systems.adaptix.bling.tags.graph.RootedDagSpecification" name=" Cyclic" time="0.015">
                                                 
                                               </testcase><testcase classname="systems.adaptix.bling.tags.graph.RootedDagSpecification" name=" Acyclic" time="0.015">
                                                 
                                               </testcase><testcase classname="systems.adaptix.bling.tags.graph.RootedDagSpecification" name="::It allows instantiation without the use of &quot;new&quot;" time="0.015">
                                                 
                                               </testcase><testcase classname="systems.adaptix.bling.tags.graph.RootedDagSpecification" name="::It also allows instantiation of a RootedDag with root having a specified label" time="0.018">
                                                 
                                               </testcase>
                     <system-out></system-out>
                     <system-err></system-err>
                   </testsuite>