<?xml version='1.0' encoding='UTF-8'?>
<testsuite hostname="donkey" name="systems.adaptix.bling.data.SelectionCriterionSpecification" tests="15" errors="0" failures="0" time="0.967">
                     <properties>
[...]
</properties>
                     <testcase classname="systems.adaptix.bling.data.SelectionCriterionSpecification" name="::Eq generates a SelectionCriterion representing the constraint that the value in the given column be EQUAL to the given value" time="0.075">
                                                 
                                               </testcase><testcase classname="systems.adaptix.bling.data.SelectionCriterionSpecification" name="::Ne generates a SelectionCriterion representing the constraint that the value in the given column be NOT EQUAL to the given value" time="0.074">
                                                 
                                               </testcase><testcase classname="systems.adaptix.bling.data.SelectionCriterionSpecification" name="::Lt generates a SelectionCriterion representing the constraint that the value in the given column be LESS THAN the given value" time="0.076">
                                                 
                                               </testcase><testcase classname="systems.adaptix.bling.data.SelectionCriterionSpecification" name="::Le generates a SelectionCriterion representing the constraint that the value in the given column be LESS THAN OR EQUAL TO the given value" time="0.076">
                                                 
                                               </testcase><testcase classname="systems.adaptix.bling.data.SelectionCriterionSpecification" name="::Gt generates a SelectionCriterion representing the constraint that the value in the given column be GREATER THAN the given value" time="0.072">
                                                 
                                               </testcase><testcase classname="systems.adaptix.bling.data.SelectionCriterionSpecification" name="::Ge generates a SelectionCriterion representing the constraint that the value in the given column be GREATER THAN OR EQUAL TO the given value" time="0.073">
                                                 
                                               </testcase><testcase classname="systems.adaptix.bling.data.SelectionCriterionSpecification" name="::Null generates a SelectionCriterion representing the constraint that the value in the given column be NULL" time="0.071">
                                                 
                                               </testcase><testcase classname="systems.adaptix.bling.data.SelectionCriterionSpecification" name="::NotNull generates a SelectionCriterion representing the constraint that the value in the given column NOT be NULL" time="0.072">
                                                 
                                               </testcase><testcase classname="systems.adaptix.bling.data.SelectionCriterionSpecification" name="::It can be used to generate a constraint specifying that the value in a given column simply be in the specified column of the specified table" time="0.034">
                                                 
                                               </testcase><testcase classname="systems.adaptix.bling.data.SelectionCriterionSpecification" name="::Or even by imposing a further constraint on the inner selection" time="0.034">
                                                 
                                               </testcase><testcase classname="systems.adaptix.bling.data.SelectionCriterionSpecification" name="::And accepts a variable number of SelectionCriteria as arguments and generates a SelectionCriterion representing the constraint obtained by imposing ALL of the constraints represented by the inputs" time="0.054">
                                                 
                                               </testcase><testcase classname="systems.adaptix.bling.data.SelectionCriterionSpecification" name="::Or accepts a variable number of SelectionCriteria as arguments and generates a SelectionCriterion representing the constrained obtained by requiring that AT LEAST ONE of the constraints represented by the inputs hold" time="0.054">
                                                 
                                               </testcase><testcase classname="systems.adaptix.bling.data.SelectionCriterionSpecification" name="::Not accepts a single SelectionCriterion and generates a SelectionCriterion representing the NEGATION of the constraint represented by its input" time="0.016">
                                                 
                                               </testcase><testcase classname="systems.adaptix.bling.data.SelectionCriterionSpecification" name="::Each of these objects can also accept compound SelectionCriteria as their inputs" time="0.046">
                                                 
                                               </testcase><testcase classname="systems.adaptix.bling.data.SelectionCriterionSpecification" name="::There is also a NoCriterion singleton object which reflects that no constraints are being imposed on a selection" time="0.14">
                                                 
                                               </testcase>
                     <system-out></system-out>
                     <system-err></system-err>
                   </testsuite>